2025/05/20 02:42:50 [notice] 1#1: using the "epoll" event method
2025/05/20 02:42:50 [notice] 1#1: nginx/1.27.5
2025/05/20 02:42:50 [notice] 1#1: built by gcc 12.2.0 (Debian 12.2.0-14) 
2025/05/20 02:42:50 [notice] 1#1: OS: Linux 6.1.0-35-amd64
2025/05/20 02:42:50 [notice] 1#1: getrlimit(RLIMIT_NOFILE): 1048576:1048576
2025/05/20 02:42:50 [notice] 1#1: start worker processes
2025/05/20 02:42:50 [notice] 1#1: start worker process 21
2025/05/20 02:42:50 [notice] 1#1: start worker process 22
2025/05/20 02:43:21 [notice] 1#1: signal 3 (SIGQUIT) received, shutting down
2025/05/20 02:43:21 [notice] 22#22: gracefully shutting down
2025/05/20 02:43:21 [notice] 22#22: exiting
2025/05/20 02:43:21 [notice] 21#21: gracefully shutting down
2025/05/20 02:43:21 [notice] 21#21: exiting
2025/05/20 02:43:21 [notice] 22#22: exit
2025/05/20 02:43:21 [notice] 21#21: exit
2025/05/20 02:43:21 [notice] 1#1: signal 17 (SIGCHLD) received from 22
2025/05/20 02:43:21 [notice] 1#1: worker process 22 exited with code 0
2025/05/20 02:43:21 [notice] 1#1: signal 29 (SIGIO) received
2025/05/20 02:43:21 [notice] 1#1: signal 17 (SIGCHLD) received from 21
2025/05/20 02:43:21 [notice] 1#1: worker process 21 exited with code 0
2025/05/20 02:43:21 [notice] 1#1: exit
2025/05/20 02:43:24 [notice] 1#1: using the "epoll" event method
2025/05/20 02:43:24 [notice] 1#1: nginx/1.27.5
2025/05/20 02:43:24 [notice] 1#1: built by gcc 12.2.0 (Debian 12.2.0-14) 
2025/05/20 02:43:24 [notice] 1#1: OS: Linux 6.1.0-35-amd64
2025/05/20 02:43:24 [notice] 1#1: getrlimit(RLIMIT_NOFILE): 1048576:1048576
2025/05/20 02:43:24 [notice] 1#1: start worker processes
2025/05/20 02:43:24 [notice] 1#1: start worker process 20
2025/05/20 02:43:24 [notice] 1#1: start worker process 21
2025/05/20 02:45:17 [notice] 1#1: signal 3 (SIGQUIT) received, shutting down
2025/05/20 02:45:17 [notice] 21#21: gracefully shutting down
2025/05/20 02:45:17 [notice] 20#20: gracefully shutting down
2025/05/20 02:45:17 [notice] 21#21: exiting
2025/05/20 02:45:17 [notice] 20#20: exiting
2025/05/20 02:45:17 [notice] 21#21: exit
2025/05/20 02:45:17 [notice] 20#20: exit
2025/05/20 02:45:17 [notice] 1#1: signal 17 (SIGCHLD) received from 20
2025/05/20 02:45:17 [notice] 1#1: worker process 20 exited with code 0
2025/05/20 02:45:17 [notice] 1#1: signal 29 (SIGIO) received
2025/05/20 02:45:17 [notice] 1#1: signal 17 (SIGCHLD) received from 21
2025/05/20 02:45:17 [notice] 1#1: worker process 21 exited with code 0
2025/05/20 02:45:17 [notice] 1#1: exit
2025/05/20 02:48:20 [notice] 1#1: using the "epoll" event method
2025/05/20 02:48:20 [notice] 1#1: nginx/1.27.5
2025/05/20 02:48:20 [notice] 1#1: built by gcc 12.2.0 (Debian 12.2.0-14) 
2025/05/20 02:48:20 [notice] 1#1: OS: Linux 6.1.0-35-amd64
2025/05/20 02:48:20 [notice] 1#1: getrlimit(RLIMIT_NOFILE): 1048576:1048576
2025/05/20 02:48:20 [notice] 1#1: start worker processes
2025/05/20 02:48:20 [notice] 1#1: start worker process 20
2025/05/20 02:48:20 [notice] 1#1: start worker process 21
2025/05/20 03:01:12 [notice] 1#1: signal 3 (SIGQUIT) received, shutting down
2025/05/20 03:01:12 [notice] 20#20: gracefully shutting down
2025/05/20 03:01:12 [notice] 20#20: exiting
2025/05/20 03:01:12 [notice] 20#20: exit
2025/05/20 03:01:12 [notice] 21#21: gracefully shutting down
2025/05/20 03:01:12 [notice] 21#21: exiting
2025/05/20 03:01:12 [notice] 21#21: exit
2025/05/20 03:01:12 [notice] 1#1: signal 17 (SIGCHLD) received from 21
2025/05/20 03:01:12 [notice] 1#1: worker process 21 exited with code 0
2025/05/20 03:01:12 [notice] 1#1: signal 29 (SIGIO) received
2025/05/20 03:01:12 [notice] 1#1: signal 17 (SIGCHLD) received from 20
2025/05/20 03:01:12 [notice] 1#1: worker process 20 exited with code 0
2025/05/20 03:01:12 [notice] 1#1: exit
2025/05/20 03:01:43 [notice] 1#1: using the "epoll" event method
2025/05/20 03:01:43 [notice] 1#1: nginx/1.27.5
2025/05/20 03:01:43 [notice] 1#1: built by gcc 12.2.0 (Debian 12.2.0-14) 
2025/05/20 03:01:43 [notice] 1#1: OS: Linux 6.1.0-35-amd64
2025/05/20 03:01:43 [notice] 1#1: getrlimit(RLIMIT_NOFILE): 1048576:1048576
2025/05/20 03:01:43 [notice] 1#1: start worker processes
2025/05/20 03:01:43 [notice] 1#1: start worker process 21
2025/05/20 03:01:43 [notice] 1#1: start worker process 22
2025/05/20 03:07:48 [notice] 1#1: signal 3 (SIGQUIT) received, shutting down
2025/05/20 03:07:48 [notice] 22#22: gracefully shutting down
2025/05/20 03:07:48 [notice] 21#21: gracefully shutting down
2025/05/20 03:07:48 [notice] 22#22: exiting
2025/05/20 03:07:48 [notice] 21#21: exiting
2025/05/20 03:07:48 [notice] 22#22: exit
2025/05/20 03:07:48 [notice] 21#21: exit
2025/05/20 03:07:48 [notice] 1#1: signal 17 (SIGCHLD) received from 22
2025/05/20 03:07:48 [notice] 1#1: worker process 22 exited with code 0
2025/05/20 03:07:48 [notice] 1#1: worker process 21 exited with code 0
2025/05/20 03:07:48 [notice] 1#1: exit
2025/05/20 03:08:49 [notice] 1#1: using the "epoll" event method
2025/05/20 03:08:49 [notice] 1#1: nginx/1.27.5
2025/05/20 03:08:49 [notice] 1#1: built by gcc 12.2.0 (Debian 12.2.0-14) 
2025/05/20 03:08:49 [notice] 1#1: OS: Linux 6.1.0-35-amd64
2025/05/20 03:08:49 [notice] 1#1: getrlimit(RLIMIT_NOFILE): 1048576:1048576
2025/05/20 03:08:49 [notice] 1#1: start worker processes
2025/05/20 03:08:49 [notice] 1#1: start worker process 20
2025/05/20 03:08:49 [notice] 1#1: start worker process 21
2025/05/20 03:09:31 [notice] 1#1: signal 3 (SIGQUIT) received, shutting down
2025/05/20 03:09:31 [notice] 20#20: gracefully shutting down
2025/05/20 03:09:31 [notice] 20#20: exiting
2025/05/20 03:09:31 [notice] 21#21: gracefully shutting down
2025/05/20 03:09:31 [notice] 21#21: exiting
2025/05/20 03:09:31 [notice] 20#20: exit
2025/05/20 03:09:31 [notice] 21#21: exit
2025/05/20 03:09:31 [notice] 1#1: signal 17 (SIGCHLD) received from 21
2025/05/20 03:09:31 [notice] 1#1: worker process 21 exited with code 0
2025/05/20 03:09:31 [notice] 1#1: signal 29 (SIGIO) received
2025/05/20 03:09:31 [notice] 1#1: signal 17 (SIGCHLD) received from 20
2025/05/20 03:09:31 [notice] 1#1: worker process 20 exited with code 0
2025/05/20 03:09:31 [notice] 1#1: exit
2025/05/20 03:10:07 [notice] 1#1: using the "epoll" event method
2025/05/20 03:10:07 [notice] 1#1: nginx/1.27.5
2025/05/20 03:10:07 [notice] 1#1: built by gcc 12.2.0 (Debian 12.2.0-14) 
2025/05/20 03:10:07 [notice] 1#1: OS: Linux 6.1.0-35-amd64
2025/05/20 03:10:07 [notice] 1#1: getrlimit(RLIMIT_NOFILE): 1048576:1048576
2025/05/20 03:10:07 [notice] 1#1: start worker processes
2025/05/20 03:10:07 [notice] 1#1: start worker process 21
2025/05/20 03:10:07 [notice] 1#1: start worker process 22
2025/05/20 03:12:50 [notice] 1#1: signal 3 (SIGQUIT) received, shutting down
2025/05/20 03:12:50 [notice] 22#22: gracefully shutting down
2025/05/20 03:12:50 [notice] 21#21: gracefully shutting down
2025/05/20 03:12:50 [notice] 22#22: exiting
2025/05/20 03:12:50 [notice] 21#21: exiting
2025/05/20 03:12:50 [notice] 22#22: exit
2025/05/20 03:12:50 [notice] 21#21: exit
2025/05/20 03:12:50 [notice] 1#1: signal 17 (SIGCHLD) received from 22
2025/05/20 03:12:50 [notice] 1#1: worker process 22 exited with code 0
2025/05/20 03:12:50 [notice] 1#1: signal 29 (SIGIO) received
2025/05/20 03:12:50 [notice] 1#1: signal 17 (SIGCHLD) received from 21
2025/05/20 03:12:50 [notice] 1#1: worker process 21 exited with code 0
2025/05/20 03:12:50 [notice] 1#1: exit
2025/05/20 03:14:17 [notice] 1#1: using the "epoll" event method
2025/05/20 03:14:17 [notice] 1#1: nginx/1.27.5
2025/05/20 03:14:17 [notice] 1#1: built by gcc 12.2.0 (Debian 12.2.0-14) 
2025/05/20 03:14:17 [notice] 1#1: OS: Linux 6.1.0-35-amd64
2025/05/20 03:14:17 [notice] 1#1: getrlimit(RLIMIT_NOFILE): 1048576:1048576
2025/05/20 03:14:17 [notice] 1#1: start worker processes
2025/05/20 03:14:17 [notice] 1#1: start worker process 21
2025/05/20 03:14:17 [notice] 1#1: start worker process 22
2025/05/20 03:14:22 [notice] 1#1: signal 3 (SIGQUIT) received, shutting down
2025/05/20 03:14:22 [notice] 22#22: gracefully shutting down
2025/05/20 03:14:22 [notice] 22#22: exiting
2025/05/20 03:14:22 [notice] 21#21: gracefully shutting down
2025/05/20 03:14:22 [notice] 21#21: exiting
2025/05/20 03:14:22 [notice] 22#22: exit
2025/05/20 03:14:22 [notice] 21#21: exit
2025/05/20 03:14:22 [notice] 1#1: signal 17 (SIGCHLD) received from 22
2025/05/20 03:14:22 [notice] 1#1: worker process 22 exited with code 0
2025/05/20 03:14:22 [notice] 1#1: signal 29 (SIGIO) received
2025/05/20 03:14:22 [notice] 1#1: signal 17 (SIGCHLD) received from 21
2025/05/20 03:14:22 [notice] 1#1: worker process 21 exited with code 0
2025/05/20 03:14:22 [notice] 1#1: exit
2025/05/20 03:14:31 [notice] 1#1: using the "epoll" event method
2025/05/20 03:14:31 [notice] 1#1: nginx/1.27.5
2025/05/20 03:14:31 [notice] 1#1: built by gcc 12.2.0 (Debian 12.2.0-14) 
2025/05/20 03:14:31 [notice] 1#1: OS: Linux 6.1.0-35-amd64
2025/05/20 03:14:31 [notice] 1#1: getrlimit(RLIMIT_NOFILE): 1048576:1048576
2025/05/20 03:14:31 [notice] 1#1: start worker processes
2025/05/20 03:14:31 [notice] 1#1: start worker process 19
2025/05/20 03:14:31 [notice] 1#1: start worker process 20
2025/05/20 03:17:15 [notice] 1#1: signal 3 (SIGQUIT) received, shutting down
2025/05/20 03:17:15 [notice] 19#19: gracefully shutting down
2025/05/20 03:17:15 [notice] 19#19: exiting
2025/05/20 03:17:15 [notice] 19#19: exit
2025/05/20 03:17:15 [notice] 20#20: gracefully shutting down
2025/05/20 03:17:15 [notice] 20#20: exiting
2025/05/20 03:17:15 [notice] 20#20: exit
2025/05/20 03:17:15 [notice] 1#1: signal 17 (SIGCHLD) received from 19
2025/05/20 03:17:15 [notice] 1#1: worker process 19 exited with code 0
2025/05/20 03:17:15 [notice] 1#1: signal 29 (SIGIO) received
2025/05/20 03:17:15 [notice] 1#1: signal 17 (SIGCHLD) received from 20
2025/05/20 03:17:15 [notice] 1#1: worker process 20 exited with code 0
2025/05/20 03:17:15 [notice] 1#1: exit
2025/05/20 03:17:23 [notice] 1#1: using the "epoll" event method
2025/05/20 03:17:23 [notice] 1#1: nginx/1.27.5
2025/05/20 03:17:23 [notice] 1#1: built by gcc 12.2.0 (Debian 12.2.0-14) 
2025/05/20 03:17:23 [notice] 1#1: OS: Linux 6.1.0-35-amd64
2025/05/20 03:17:23 [notice] 1#1: getrlimit(RLIMIT_NOFILE): 1048576:1048576
2025/05/20 03:17:23 [notice] 1#1: start worker processes
2025/05/20 03:17:23 [notice] 1#1: start worker process 20
2025/05/20 03:17:23 [notice] 1#1: start worker process 21
2025/05/20 03:17:33 [notice] 1#1: signal 3 (SIGQUIT) received, shutting down
2025/05/20 03:17:33 [notice] 21#21: gracefully shutting down
2025/05/20 03:17:33 [notice] 20#20: gracefully shutting down
2025/05/20 03:17:33 [notice] 21#21: exiting
2025/05/20 03:17:33 [notice] 20#20: exiting
2025/05/20 03:17:33 [notice] 21#21: exit
2025/05/20 03:17:33 [notice] 20#20: exit
2025/05/20 03:17:33 [notice] 1#1: signal 17 (SIGCHLD) received from 21
2025/05/20 03:17:33 [notice] 1#1: worker process 21 exited with code 0
2025/05/20 03:17:33 [notice] 1#1: signal 29 (SIGIO) received
2025/05/20 03:17:33 [notice] 1#1: signal 17 (SIGCHLD) received from 20
2025/05/20 03:17:33 [notice] 1#1: worker process 20 exited with code 0
2025/05/20 03:17:33 [notice] 1#1: exit
2025/05/20 03:17:40 [notice] 1#1: using the "epoll" event method
2025/05/20 03:17:40 [notice] 1#1: nginx/1.27.5
2025/05/20 03:17:40 [notice] 1#1: built by gcc 12.2.0 (Debian 12.2.0-14) 
2025/05/20 03:17:40 [notice] 1#1: OS: Linux 6.1.0-35-amd64
2025/05/20 03:17:40 [notice] 1#1: getrlimit(RLIMIT_NOFILE): 1048576:1048576
2025/05/20 03:17:40 [notice] 1#1: start worker processes
2025/05/20 03:17:40 [notice] 1#1: start worker process 20
2025/05/20 03:17:40 [notice] 1#1: start worker process 21
2025/05/20 03:20:30 [notice] 1#1: signal 3 (SIGQUIT) received, shutting down
2025/05/20 03:20:30 [notice] 20#20: gracefully shutting down
2025/05/20 03:20:30 [notice] 21#21: gracefully shutting down
2025/05/20 03:20:30 [notice] 20#20: exiting
2025/05/20 03:20:30 [notice] 21#21: exiting
2025/05/20 03:20:30 [notice] 20#20: exit
2025/05/20 03:20:30 [notice] 21#21: exit
2025/05/20 03:20:30 [notice] 1#1: signal 17 (SIGCHLD) received from 21
2025/05/20 03:20:30 [notice] 1#1: worker process 21 exited with code 0
2025/05/20 03:20:30 [notice] 1#1: signal 29 (SIGIO) received
2025/05/20 03:20:30 [notice] 1#1: signal 17 (SIGCHLD) received from 20
2025/05/20 03:20:30 [notice] 1#1: worker process 20 exited with code 0
2025/05/20 03:20:30 [notice] 1#1: exit
2025/05/20 03:20:41 [notice] 1#1: using the "epoll" event method
2025/05/20 03:20:41 [notice] 1#1: nginx/1.27.5
2025/05/20 03:20:41 [notice] 1#1: built by gcc 12.2.0 (Debian 12.2.0-14) 
2025/05/20 03:20:41 [notice] 1#1: OS: Linux 6.1.0-35-amd64
2025/05/20 03:20:41 [notice] 1#1: getrlimit(RLIMIT_NOFILE): 1048576:1048576
2025/05/20 03:20:41 [notice] 1#1: start worker processes
2025/05/20 03:20:41 [notice] 1#1: start worker process 20
2025/05/20 03:20:41 [notice] 1#1: start worker process 21
2025/05/20 03:21:05 [notice] 1#1: signal 3 (SIGQUIT) received, shutting down
2025/05/20 03:21:05 [notice] 21#21: gracefully shutting down
2025/05/20 03:21:05 [notice] 21#21: exiting
2025/05/20 03:21:05 [notice] 20#20: gracefully shutting down
2025/05/20 03:21:05 [notice] 20#20: exiting
2025/05/20 03:21:05 [notice] 21#21: exit
2025/05/20 03:21:05 [notice] 20#20: exit
2025/05/20 03:21:05 [notice] 1#1: signal 17 (SIGCHLD) received from 20
2025/05/20 03:21:05 [notice] 1#1: worker process 20 exited with code 0
2025/05/20 03:21:05 [notice] 1#1: worker process 21 exited with code 0
2025/05/20 03:21:05 [notice] 1#1: exit
2025/05/20 03:21:25 [notice] 1#1: using the "epoll" event method
2025/05/20 03:21:25 [notice] 1#1: nginx/1.27.5
2025/05/20 03:21:25 [notice] 1#1: built by gcc 12.2.0 (Debian 12.2.0-14) 
2025/05/20 03:21:25 [notice] 1#1: OS: Linux 6.1.0-35-amd64
2025/05/20 03:21:25 [notice] 1#1: getrlimit(RLIMIT_NOFILE): 1048576:1048576
2025/05/20 03:21:25 [notice] 1#1: start worker processes
2025/05/20 03:21:25 [notice] 1#1: start worker process 21
2025/05/20 03:21:25 [notice] 1#1: start worker process 22
2025/05/20 03:26:15 [notice] 1#1: signal 3 (SIGQUIT) received, shutting down
2025/05/20 03:26:15 [notice] 22#22: gracefully shutting down
2025/05/20 03:26:15 [notice] 22#22: exiting
2025/05/20 03:26:15 [notice] 22#22: exit
2025/05/20 03:26:15 [notice] 21#21: gracefully shutting down
2025/05/20 03:26:15 [notice] 21#21: exiting
2025/05/20 03:26:15 [notice] 21#21: exit
2025/05/20 03:26:15 [notice] 1#1: signal 17 (SIGCHLD) received from 21
2025/05/20 03:26:15 [notice] 1#1: worker process 21 exited with code 0
2025/05/20 03:26:15 [notice] 1#1: signal 29 (SIGIO) received
2025/05/20 03:26:15 [notice] 1#1: signal 17 (SIGCHLD) received from 22
2025/05/20 03:26:15 [notice] 1#1: worker process 22 exited with code 0
2025/05/20 03:26:15 [notice] 1#1: exit
2025/05/20 03:30:31 [notice] 1#1: using the "epoll" event method
2025/05/20 03:30:31 [notice] 1#1: nginx/1.27.5
2025/05/20 03:30:31 [notice] 1#1: built by gcc 12.2.0 (Debian 12.2.0-14) 
2025/05/20 03:30:31 [notice] 1#1: OS: Linux 6.1.0-35-amd64
2025/05/20 03:30:31 [notice] 1#1: getrlimit(RLIMIT_NOFILE): 1048576:1048576
2025/05/20 03:30:31 [notice] 1#1: start worker processes
2025/05/20 03:30:31 [notice] 1#1: start worker process 19
2025/05/20 03:30:31 [notice] 1#1: start worker process 20
2025/05/20 03:30:32 [notice] 1#1: signal 3 (SIGQUIT) received, shutting down
2025/05/20 03:30:32 [notice] 19#19: gracefully shutting down
2025/05/20 03:30:32 [notice] 19#19: exiting
2025/05/20 03:30:32 [notice] 20#20: gracefully shutting down
2025/05/20 03:30:32 [notice] 20#20: exiting
2025/05/20 03:30:32 [notice] 19#19: exit
2025/05/20 03:30:32 [notice] 20#20: exit
2025/05/20 03:30:32 [notice] 1#1: signal 17 (SIGCHLD) received from 19
2025/05/20 03:30:32 [notice] 1#1: worker process 19 exited with code 0
2025/05/20 03:30:32 [notice] 1#1: signal 29 (SIGIO) received
2025/05/20 03:30:32 [notice] 1#1: signal 17 (SIGCHLD) received from 20
2025/05/20 03:30:32 [notice] 1#1: worker process 20 exited with code 0
2025/05/20 03:30:32 [notice] 1#1: exit
2025/05/20 03:37:35 [emerg] 1#1: open() "/server/error.log" failed (2: No such file or directory)
2025/05/20 03:38:56 [emerg] 1#1: open() "/server/error.log" failed (2: No such file or directory)
2025/05/20 03:39:34 [emerg] 1#1: open() "/server/error.log" failed (2: No such file or directory)
2025/05/20 03:41:56 [emerg] 1#1: open() "/server/error.log" failed (2: No such file or directory)
2025/05/20 03:42:37 [emerg] 1#1: open() "/server/error.log" failed (2: No such file or directory)
2025/05/20 03:43:58 [emerg] 1#1: open() "/server/nginx/logs/error.log" failed (2: No such file or directory)
2025/05/20 03:44:52 [notice] 1#1: using the "epoll" event method
2025/05/20 03:44:52 [notice] 1#1: nginx/1.27.5
2025/05/20 03:44:52 [notice] 1#1: built by gcc 12.2.0 (Debian 12.2.0-14) 
2025/05/20 03:44:52 [notice] 1#1: OS: Linux 6.1.0-35-amd64
2025/05/20 03:44:52 [notice] 1#1: getrlimit(RLIMIT_NOFILE): 1048576:1048576
2025/05/20 03:44:52 [notice] 1#1: start worker processes
2025/05/20 03:44:52 [notice] 1#1: start worker process 20
2025/05/20 03:44:52 [notice] 1#1: start worker process 21
2025/05/20 03:44:54 [notice] 1#1: signal 3 (SIGQUIT) received, shutting down
2025/05/20 03:44:54 [notice] 21#21: gracefully shutting down
2025/05/20 03:44:54 [notice] 20#20: gracefully shutting down
2025/05/20 03:44:54 [notice] 21#21: exiting
2025/05/20 03:44:54 [notice] 20#20: exiting
2025/05/20 03:44:54 [notice] 21#21: exit
2025/05/20 03:44:54 [notice] 20#20: exit
2025/05/20 03:44:54 [notice] 1#1: signal 17 (SIGCHLD) received from 20
2025/05/20 03:44:54 [notice] 1#1: worker process 20 exited with code 0
2025/05/20 03:44:54 [notice] 1#1: signal 29 (SIGIO) received
2025/05/20 03:44:54 [notice] 1#1: signal 17 (SIGCHLD) received from 21
2025/05/20 03:44:54 [notice] 1#1: worker process 21 exited with code 0
2025/05/20 03:44:54 [notice] 1#1: exit
2025/05/20 03:44:59 [notice] 1#1: using the "epoll" event method
2025/05/20 03:44:59 [notice] 1#1: nginx/1.27.5
2025/05/20 03:44:59 [notice] 1#1: built by gcc 12.2.0 (Debian 12.2.0-14) 
2025/05/20 03:44:59 [notice] 1#1: OS: Linux 6.1.0-35-amd64
2025/05/20 03:44:59 [notice] 1#1: getrlimit(RLIMIT_NOFILE): 1048576:1048576
2025/05/20 03:44:59 [notice] 1#1: start worker processes
2025/05/20 03:44:59 [notice] 1#1: start worker process 20
2025/05/20 03:44:59 [notice] 1#1: start worker process 21
2025/05/20 03:45:22 [error] 20#20: *1 open() "/var/www/favicon.ico" failed (2: No such file or directory), client: 192.168.217.169, server: , request: "GET /favicon.ico HTTP/1.1", host: "192.168.217.171", referrer: "http://192.168.217.171/"
2025/05/20 03:45:22 [error] 20#20: *1 open() "/var/www/favicon.ico" failed (2: No such file or directory), client: 192.168.217.169, server: , request: "GET /favicon.ico HTTP/1.1", host: "192.168.217.171", referrer: "http://192.168.217.171/"
2025/05/20 03:45:22 [error] 20#20: *1 open() "/var/www/favicon.ico" failed (2: No such file or directory), client: 192.168.217.169, server: , request: "GET /favicon.ico HTTP/1.1", host: "192.168.217.171", referrer: "http://192.168.217.171/"
2025/05/20 03:45:22 [error] 20#20: *1 open() "/var/www/favicon.ico" failed (2: No such file or directory), client: 192.168.217.169, server: , request: "GET /favicon.ico HTTP/1.1", host: "192.168.217.171", referrer: "http://192.168.217.171/"
2025/05/20 03:47:35 [error] 21#21: *19 open() "/var/www/favicon.ico" failed (2: No such file or directory), client: 192.168.217.169, server: , request: "GET /favicon.ico HTTP/1.1", host: "192.168.217.171", referrer: "http://192.168.217.171/"
2025/05/20 03:47:36 [error] 21#21: *19 open() "/var/www/favicon.ico" failed (2: No such file or directory), client: 192.168.217.169, server: , request: "GET /favicon.ico HTTP/1.1", host: "192.168.217.171", referrer: "http://192.168.217.171/"
2025/05/20 03:47:36 [error] 21#21: *19 open() "/var/www/favicon.ico" failed (2: No such file or directory), client: 192.168.217.169, server: , request: "GET /favicon.ico HTTP/1.1", host: "192.168.217.171", referrer: "http://192.168.217.171/"
2025/05/20 03:47:36 [error] 21#21: *19 open() "/var/www/favicon.ico" failed (2: No such file or directory), client: 192.168.217.169, server: , request: "GET /favicon.ico HTTP/1.1", host: "192.168.217.171", referrer: "http://192.168.217.171/"
2025/05/20 03:47:36 [error] 21#21: *19 open() "/var/www/favicon.ico" failed (2: No such file or directory), client: 192.168.217.169, server: , request: "GET /favicon.ico HTTP/1.1", host: "192.168.217.171", referrer: "http://192.168.217.171/"
2025/05/20 03:47:37 [error] 21#21: *19 open() "/var/www/favicon.ico" failed (2: No such file or directory), client: 192.168.217.169, server: , request: "GET /favicon.ico HTTP/1.1", host: "192.168.217.171", referrer: "http://192.168.217.171/"
2025/05/20 03:49:24 [error] 21#21: *19 open() "/var/www/favicon.ico" failed (2: No such file or directory), client: 192.168.217.169, server: , request: "GET /favicon.ico HTTP/1.1", host: "192.168.217.171", referrer: "http://192.168.217.171/index.html"
2025/05/20 03:50:52 [notice] 1#1: signal 3 (SIGQUIT) received, shutting down
2025/05/20 03:50:52 [notice] 20#20: gracefully shutting down
2025/05/20 03:50:52 [notice] 21#21: gracefully shutting down
2025/05/20 03:50:52 [notice] 21#21: exiting
2025/05/20 03:50:52 [notice] 20#20: exiting
2025/05/20 03:50:52 [notice] 21#21: exit
2025/05/20 03:50:52 [notice] 20#20: exit
2025/05/20 03:50:52 [notice] 1#1: signal 17 (SIGCHLD) received from 21
2025/05/20 03:50:52 [notice] 1#1: worker process 21 exited with code 0
2025/05/20 03:50:52 [notice] 1#1: signal 29 (SIGIO) received
2025/05/20 03:50:52 [notice] 1#1: signal 17 (SIGCHLD) received from 20
2025/05/20 03:50:52 [notice] 1#1: worker process 20 exited with code 0
2025/05/20 03:50:52 [notice] 1#1: exit
2025/05/20 03:51:02 [notice] 1#1: using the "epoll" event method
2025/05/20 03:51:02 [notice] 1#1: nginx/1.27.5
2025/05/20 03:51:02 [notice] 1#1: built by gcc 12.2.0 (Debian 12.2.0-14) 
2025/05/20 03:51:02 [notice] 1#1: OS: Linux 6.1.0-35-amd64
2025/05/20 03:51:02 [notice] 1#1: getrlimit(RLIMIT_NOFILE): 1048576:1048576
2025/05/20 03:51:02 [notice] 1#1: start worker processes
2025/05/20 03:51:02 [notice] 1#1: start worker process 19
2025/05/20 03:51:02 [notice] 1#1: start worker process 20
2025/05/20 03:51:04 [notice] 1#1: signal 3 (SIGQUIT) received, shutting down
2025/05/20 03:51:04 [notice] 20#20: gracefully shutting down
2025/05/20 03:51:04 [notice] 19#19: gracefully shutting down
2025/05/20 03:51:04 [notice] 20#20: exiting
2025/05/20 03:51:04 [notice] 19#19: exiting
2025/05/20 03:51:04 [notice] 20#20: exit
2025/05/20 03:51:04 [notice] 19#19: exit
2025/05/20 03:51:04 [notice] 1#1: signal 17 (SIGCHLD) received from 20
2025/05/20 03:51:04 [notice] 1#1: worker process 19 exited with code 0
2025/05/20 03:51:04 [notice] 1#1: worker process 20 exited with code 0
2025/05/20 03:51:04 [notice] 1#1: exit
2025/05/20 03:51:09 [notice] 1#1: using the "epoll" event method
2025/05/20 03:51:09 [notice] 1#1: nginx/1.27.5
2025/05/20 03:51:09 [notice] 1#1: built by gcc 12.2.0 (Debian 12.2.0-14) 
2025/05/20 03:51:09 [notice] 1#1: OS: Linux 6.1.0-35-amd64
2025/05/20 03:51:09 [notice] 1#1: getrlimit(RLIMIT_NOFILE): 1048576:1048576
2025/05/20 03:51:09 [notice] 1#1: start worker processes
2025/05/20 03:51:09 [notice] 1#1: start worker process 20
2025/05/20 03:51:09 [notice] 1#1: start worker process 21
2025/05/20 03:58:16 [error] 20#20: *6 open() "/var/www/favicon.ico" failed (2: No such file or directory), client: 192.168.217.169, server: , request: "GET /favicon.ico HTTP/1.1", host: "192.168.217.171", referrer: "http://192.168.217.171/index.html"
2025/05/20 03:58:17 [error] 20#20: *6 open() "/var/www/favicon.ico" failed (2: No such file or directory), client: 192.168.217.169, server: , request: "GET /favicon.ico HTTP/1.1", host: "192.168.217.171", referrer: "http://192.168.217.171/index.html"
2025/05/20 03:58:17 [error] 20#20: *6 open() "/var/www/favicon.ico" failed (2: No such file or directory), client: 192.168.217.169, server: , request: "GET /favicon.ico HTTP/1.1", host: "192.168.217.171", referrer: "http://192.168.217.171/index.html"
2025/05/20 03:58:18 [error] 20#20: *6 open() "/var/www/favicon.ico" failed (2: No such file or directory), client: 192.168.217.169, server: , request: "GET /favicon.ico HTTP/1.1", host: "192.168.217.171", referrer: "http://192.168.217.171/index.html"
2025/05/20 03:59:01 [error] 20#20: *6 open() "/var/www/web/robot.txt" failed (2: No such file or directory), client: 192.168.217.169, server: , request: "GET /web/robot.txt HTTP/1.1", host: "192.168.217.171"
2025/05/20 04:02:42 [notice] 1#1: signal 3 (SIGQUIT) received, shutting down
2025/05/20 04:02:42 [notice] 20#20: gracefully shutting down
2025/05/20 04:02:42 [notice] 20#20: exiting
2025/05/20 04:02:42 [notice] 20#20: exit
2025/05/20 04:02:42 [notice] 21#21: gracefully shutting down
2025/05/20 04:02:42 [notice] 21#21: exiting
2025/05/20 04:02:42 [notice] 21#21: exit
2025/05/20 04:02:42 [notice] 1#1: signal 17 (SIGCHLD) received from 20
2025/05/20 04:02:42 [notice] 1#1: worker process 20 exited with code 0
2025/05/20 04:02:42 [notice] 1#1: signal 29 (SIGIO) received
2025/05/20 04:02:42 [notice] 1#1: signal 17 (SIGCHLD) received from 21
2025/05/20 04:02:42 [notice] 1#1: worker process 21 exited with code 0
2025/05/20 04:02:42 [notice] 1#1: exit
2025/05/20 04:04:18 [notice] 1#1: using the "epoll" event method
2025/05/20 04:04:18 [notice] 1#1: nginx/1.27.5
2025/05/20 04:04:18 [notice] 1#1: built by gcc 12.2.0 (Debian 12.2.0-14) 
2025/05/20 04:04:18 [notice] 1#1: OS: Linux 6.1.0-35-amd64
2025/05/20 04:04:18 [notice] 1#1: getrlimit(RLIMIT_NOFILE): 1048576:1048576
2025/05/20 04:04:18 [notice] 1#1: start worker processes
2025/05/20 04:04:18 [notice] 1#1: start worker process 20
2025/05/20 04:04:18 [notice] 1#1: start worker process 21
2025/05/20 04:04:56 [notice] 1#1: signal 3 (SIGQUIT) received, shutting down
2025/05/20 04:04:56 [notice] 20#20: gracefully shutting down
2025/05/20 04:04:56 [notice] 21#21: gracefully shutting down
2025/05/20 04:04:56 [notice] 20#20: exiting
2025/05/20 04:04:56 [notice] 20#20: exit
2025/05/20 04:04:56 [notice] 1#1: signal 17 (SIGCHLD) received from 20
2025/05/20 04:04:56 [notice] 1#1: worker process 20 exited with code 0
2025/05/20 04:04:56 [notice] 1#1: signal 29 (SIGIO) received
2025/05/20 04:05:45 [notice] 1#1: using the "epoll" event method
2025/05/20 04:05:45 [notice] 1#1: nginx/1.27.5
2025/05/20 04:05:45 [notice] 1#1: built by gcc 12.2.0 (Debian 12.2.0-14) 
2025/05/20 04:05:45 [notice] 1#1: OS: Linux 6.1.0-35-amd64
2025/05/20 04:05:45 [notice] 1#1: getrlimit(RLIMIT_NOFILE): 1048576:1048576
2025/05/20 04:05:45 [notice] 1#1: start worker processes
2025/05/20 04:05:45 [notice] 1#1: start worker process 20
2025/05/20 04:05:45 [notice] 1#1: start worker process 21
2025/05/20 04:07:28 [error] 21#21: *5 open() "/var/www/favicon.ico" failed (2: No such file or directory), client: 192.168.217.169, server: , request: "GET /favicon.ico HTTP/1.1", host: "192.168.217.171", referrer: "http://192.168.217.171/web/index.php"
2025/05/20 04:10:27 [notice] 1#1: signal 3 (SIGQUIT) received, shutting down
2025/05/20 04:10:27 [notice] 21#21: gracefully shutting down
2025/05/20 04:10:27 [notice] 21#21: exiting
2025/05/20 04:10:27 [notice] 20#20: gracefully shutting down
2025/05/20 04:10:27 [notice] 20#20: exiting
2025/05/20 04:10:27 [notice] 21#21: exit
2025/05/20 04:10:27 [notice] 20#20: exit
2025/05/20 04:10:27 [notice] 1#1: signal 17 (SIGCHLD) received from 20
2025/05/20 04:10:27 [notice] 1#1: worker process 20 exited with code 0
2025/05/20 04:10:27 [notice] 1#1: signal 29 (SIGIO) received
2025/05/20 04:10:27 [notice] 1#1: signal 17 (SIGCHLD) received from 21
2025/05/20 04:10:27 [notice] 1#1: worker process 21 exited with code 0
2025/05/20 04:10:27 [notice] 1#1: exit
2025/05/20 04:10:40 [notice] 1#1: using the "epoll" event method
2025/05/20 04:10:40 [notice] 1#1: nginx/1.27.5
2025/05/20 04:10:40 [notice] 1#1: built by gcc 12.2.0 (Debian 12.2.0-14) 
2025/05/20 04:10:40 [notice] 1#1: OS: Linux 6.1.0-35-amd64
2025/05/20 04:10:40 [notice] 1#1: getrlimit(RLIMIT_NOFILE): 1048576:1048576
2025/05/20 04:10:40 [notice] 1#1: start worker processes
2025/05/20 04:10:40 [notice] 1#1: start worker process 20
2025/05/20 04:10:40 [notice] 1#1: start worker process 21
